Determining if the pthread_create exist failed with the following output:
Change Dir: /home/cc/ee106a/fl21/class/ee106a-age/GOBEARS/build/CMakeFiles/CMakeTmp

Run Build Command:"/usr/bin/make" "cmTC_a9748/fast"
/usr/bin/make -f CMakeFiles/cmTC_a9748.dir/build.make CMakeFiles/cmTC_a9748.dir/build
make[1]: Entering directory '/home/cc/ee106a/fl21/class/ee106a-age/GOBEARS/build/CMakeFiles/CMakeTmp'
Building C object CMakeFiles/cmTC_a9748.dir/CheckSymbolExists.c.o
/usr/bin/cc     -o CMakeFiles/cmTC_a9748.dir/CheckSymbolExists.c.o   -c /home/cc/ee106a/fl21/class/ee106a-age/GOBEARS/build/CMakeFiles/CMakeTmp/CheckSymbolExists.c
Linking C executable cmTC_a9748
/usr/bin/cmake -E cmake_link_script CMakeFiles/cmTC_a9748.dir/link.txt --verbose=1
/usr/bin/cc       CMakeFiles/cmTC_a9748.dir/CheckSymbolExists.c.o  -o cmTC_a9748 -rdynamic 
CMakeFiles/cmTC_a9748.dir/CheckSymbolExists.c.o: In function `main':
CheckSymbolExists.c:(.text+0x16): undefined reference to `pthread_create'
collect2: error: ld returned 1 exit status
CMakeFiles/cmTC_a9748.dir/build.make:97: recipe for target 'cmTC_a9748' failed
make[1]: *** [cmTC_a9748] Error 1
make[1]: Leaving directory '/home/cc/ee106a/fl21/class/ee106a-age/GOBEARS/build/CMakeFiles/CMakeTmp'
Makefile:126: recipe for target 'cmTC_a9748/fast' failed
make: *** [cmTC_a9748/fast] Error 2

File /home/cc/ee106a/fl21/class/ee106a-age/GOBEARS/build/CMakeFiles/CMakeTmp/CheckSymbolExists.c:
/* */
#include <pthread.h>

int main(int argc, char** argv)
{
  (void)argv;
#ifndef pthread_create
  return ((int*)(&pthread_create))[argc];
#else
  (void)argc;
  return 0;
#endif
}

Determining if the function pthread_create exists in the pthreads failed with the following output:
Change Dir: /home/cc/ee106a/fl21/class/ee106a-age/GOBEARS/build/CMakeFiles/CMakeTmp

Run Build Command:"/usr/bin/make" "cmTC_3142c/fast"
/usr/bin/make -f CMakeFiles/cmTC_3142c.dir/build.make CMakeFiles/cmTC_3142c.dir/build
make[1]: Entering directory '/home/cc/ee106a/fl21/class/ee106a-age/GOBEARS/build/CMakeFiles/CMakeTmp'
Building C object CMakeFiles/cmTC_3142c.dir/CheckFunctionExists.c.o
/usr/bin/cc    -DCHECK_FUNCTION_EXISTS=pthread_create   -o CMakeFiles/cmTC_3142c.dir/CheckFunctionExists.c.o   -c /usr/share/cmake-3.5/Modules/CheckFunctionExists.c
Linking C executable cmTC_3142c
/usr/bin/cmake -E cmake_link_script CMakeFiles/cmTC_3142c.dir/link.txt --verbose=1
/usr/bin/cc   -DCHECK_FUNCTION_EXISTS=pthread_create    CMakeFiles/cmTC_3142c.dir/CheckFunctionExists.c.o  -o cmTC_3142c -rdynamic -lpthreads 
/usr/bin/ld: cannot find -lpthreads
collect2: error: ld returned 1 exit status
CMakeFiles/cmTC_3142c.dir/build.make:97: recipe for target 'cmTC_3142c' failed
make[1]: *** [cmTC_3142c] Error 1
make[1]: Leaving directory '/home/cc/ee106a/fl21/class/ee106a-age/GOBEARS/build/CMakeFiles/CMakeTmp'
Makefile:126: recipe for target 'cmTC_3142c/fast' failed
make: *** [cmTC_3142c/fast] Error 2


